<?xml version="1.0" encoding="UTF-8"?>
<testsuite name="com.notification.test.controller.NotificationTest" tests="2" skipped="0" failures="0" errors="0" timestamp="2019-06-29T19:30:18" hostname="Veera" time="0.595">
  <properties/>
  <testcase name="sendSlackNotification" classname="com.notification.test.controller.NotificationTest" time="0.554"/>
  <testcase name="sendEmailNotification" classname="com.notification.test.controller.NotificationTest" time="0.036"/>
  <system-out><![CDATA[01:00:08.992 [Test worker] DEBUG org.springframework.test.context.junit4.SpringJUnit4ClassRunner - SpringJUnit4ClassRunner constructor called with [class com.notification.test.controller.NotificationTest]
01:00:09.007 [Test worker] DEBUG org.springframework.test.context.BootstrapUtils - Instantiating CacheAwareContextLoaderDelegate from class [org.springframework.test.context.cache.DefaultCacheAwareContextLoaderDelegate]
01:00:09.020 [Test worker] DEBUG org.springframework.test.context.BootstrapUtils - Instantiating BootstrapContext using constructor [public org.springframework.test.context.support.DefaultBootstrapContext(java.lang.Class,org.springframework.test.context.CacheAwareContextLoaderDelegate)]
01:00:09.059 [Test worker] DEBUG org.springframework.test.context.BootstrapUtils - Instantiating TestContextBootstrapper for test class [com.notification.test.controller.NotificationTest] from class [org.springframework.boot.test.context.SpringBootTestContextBootstrapper]
01:00:09.078 [Test worker] INFO org.springframework.boot.test.context.SpringBootTestContextBootstrapper - Neither @ContextConfiguration nor @ContextHierarchy found for test class [com.notification.test.controller.NotificationTest], using SpringBootContextLoader
01:00:09.086 [Test worker] DEBUG org.springframework.test.context.support.AbstractContextLoader - Did not detect default resource location for test class [com.notification.test.controller.NotificationTest]: class path resource [com/notification/test/controller/NotificationTest-context.xml] does not exist
01:00:09.089 [Test worker] DEBUG org.springframework.test.context.support.AbstractContextLoader - Did not detect default resource location for test class [com.notification.test.controller.NotificationTest]: class path resource [com/notification/test/controller/NotificationTestContext.groovy] does not exist
01:00:09.090 [Test worker] INFO org.springframework.test.context.support.AbstractContextLoader - Could not detect default resource locations for test class [com.notification.test.controller.NotificationTest]: no resource found for suffixes {-context.xml, Context.groovy}.
01:00:09.184 [Test worker] DEBUG org.springframework.test.context.support.ActiveProfilesUtils - Could not find an 'annotation declaring class' for annotation type [org.springframework.test.context.ActiveProfiles] and class [com.notification.test.controller.NotificationTest]
01:00:09.504 [Test worker] DEBUG org.springframework.boot.test.context.SpringBootTestContextBootstrapper - @TestExecutionListeners is not present for class [com.notification.test.controller.NotificationTest]: using defaults.
01:00:09.507 [Test worker] INFO org.springframework.boot.test.context.SpringBootTestContextBootstrapper - Loaded default TestExecutionListener class names from location [META-INF/spring.factories]: [org.springframework.boot.test.autoconfigure.restdocs.RestDocsTestExecutionListener, org.springframework.boot.test.autoconfigure.web.client.MockRestServiceServerResetTestExecutionListener, org.springframework.boot.test.autoconfigure.web.servlet.MockMvcPrintOnlyOnFailureTestExecutionListener, org.springframework.boot.test.autoconfigure.web.servlet.WebDriverTestExecutionListener, org.springframework.boot.test.mock.mockito.MockitoTestExecutionListener, org.springframework.boot.test.mock.mockito.ResetMocksTestExecutionListener, org.springframework.test.context.web.ServletTestExecutionListener, org.springframework.test.context.support.DirtiesContextBeforeModesTestExecutionListener, org.springframework.test.context.support.DependencyInjectionTestExecutionListener, org.springframework.test.context.support.DirtiesContextTestExecutionListener, org.springframework.test.context.transaction.TransactionalTestExecutionListener, org.springframework.test.context.jdbc.SqlScriptsTestExecutionListener]
01:00:09.533 [Test worker] DEBUG org.springframework.boot.test.context.SpringBootTestContextBootstrapper - Skipping candidate TestExecutionListener [org.springframework.test.context.transaction.TransactionalTestExecutionListener] due to a missing dependency. Specify custom listener classes or make the default listener classes and their required dependencies available. Offending class: [org/springframework/transaction/interceptor/TransactionAttributeSource]
01:00:09.536 [Test worker] DEBUG org.springframework.boot.test.context.SpringBootTestContextBootstrapper - Skipping candidate TestExecutionListener [org.springframework.test.context.jdbc.SqlScriptsTestExecutionListener] due to a missing dependency. Specify custom listener classes or make the default listener classes and their required dependencies available. Offending class: [org/springframework/transaction/interceptor/TransactionAttribute]
01:00:09.537 [Test worker] INFO org.springframework.boot.test.context.SpringBootTestContextBootstrapper - Using TestExecutionListeners: [org.springframework.test.context.web.ServletTestExecutionListener@10cb434d, org.springframework.test.context.support.DirtiesContextBeforeModesTestExecutionListener@1509517d, org.springframework.boot.test.mock.mockito.MockitoTestExecutionListener@10c9db97, org.springframework.boot.test.autoconfigure.SpringBootDependencyInjectionTestExecutionListener@7c81ff79, org.springframework.test.context.support.DirtiesContextTestExecutionListener@361a1a8f, org.springframework.boot.test.autoconfigure.restdocs.RestDocsTestExecutionListener@69473788, org.springframework.boot.test.autoconfigure.web.client.MockRestServiceServerResetTestExecutionListener@378c4c54, org.springframework.boot.test.autoconfigure.web.servlet.MockMvcPrintOnlyOnFailureTestExecutionListener@440517eb, org.springframework.boot.test.autoconfigure.web.servlet.WebDriverTestExecutionListener@22adb386, org.springframework.boot.test.mock.mockito.ResetMocksTestExecutionListener@72063b2c]
01:00:09.545 [Test worker] DEBUG org.springframework.test.annotation.ProfileValueUtils - Retrieved @ProfileValueSourceConfiguration [null] for test class [com.notification.test.controller.NotificationTest]
01:00:09.546 [Test worker] DEBUG org.springframework.test.annotation.ProfileValueUtils - Retrieved ProfileValueSource type [class org.springframework.test.annotation.SystemProfileValueSource] for class [com.notification.test.controller.NotificationTest]
01:00:09.548 [Test worker] DEBUG org.springframework.test.annotation.ProfileValueUtils - Retrieved @ProfileValueSourceConfiguration [null] for test class [com.notification.test.controller.NotificationTest]
01:00:09.549 [Test worker] DEBUG org.springframework.test.annotation.ProfileValueUtils - Retrieved ProfileValueSource type [class org.springframework.test.annotation.SystemProfileValueSource] for class [com.notification.test.controller.NotificationTest]
01:00:09.562 [Test worker] DEBUG org.springframework.test.context.support.AbstractDirtiesContextTestExecutionListener - Before test class: context [DefaultTestContext@2fe92713 testClass = NotificationTest, testInstance = [null], testMethod = [null], testException = [null], mergedContextConfiguration = [WebMergedContextConfiguration@2d122f53 testClass = NotificationTest, locations = '{}', classes = '{class com.notification.springapplication.NotificationApp, class com.notification.springapplication.NotificationApp}', contextInitializerClasses = '[]', activeProfiles = '{}', propertySourceLocations = '{}', propertySourceProperties = '{org.springframework.boot.test.context.SpringBootTestContextBootstrapper=true}', contextCustomizers = set[org.springframework.boot.test.autoconfigure.properties.PropertyMappingContextCustomizer@0, org.springframework.boot.test.autoconfigure.web.servlet.WebDriverContextCustomizerFactory$Customizer@536a080c, org.springframework.boot.test.context.filter.ExcludeFilterContextCustomizer@66a2791c, org.springframework.boot.test.json.DuplicateJsonObjectContextCustomizerFactory$DuplicateJsonObjectContextCustomizer@1644e77d, org.springframework.boot.test.mock.mockito.MockitoContextCustomizer@0, org.springframework.boot.test.web.client.TestRestTemplateContextCustomizer@5a8bd0ba, org.springframework.test.context.web.socket.MockServerContainerContextCustomizer@69872f79], resourceBasePath = 'src/main/webapp', contextLoader = 'org.springframework.boot.test.context.SpringBootContextLoader', parent = [null]], attributes = map['org.springframework.test.context.web.ServletTestExecutionListener.activateListener' -> true]], class annotated with @DirtiesContext [false] with mode [null].
01:00:09.564 [Test worker] DEBUG org.springframework.test.annotation.ProfileValueUtils - Retrieved @ProfileValueSourceConfiguration [null] for test class [com.notification.test.controller.NotificationTest]
01:00:09.564 [Test worker] DEBUG org.springframework.test.annotation.ProfileValueUtils - Retrieved ProfileValueSource type [class org.springframework.test.annotation.SystemProfileValueSource] for class [com.notification.test.controller.NotificationTest]
01:00:09.628 [Test worker] DEBUG org.springframework.core.env.StandardEnvironment - Adding PropertySource 'systemProperties' with lowest search precedence
01:00:09.629 [Test worker] DEBUG org.springframework.core.env.StandardEnvironment - Adding PropertySource 'systemEnvironment' with lowest search precedence
01:00:09.631 [Test worker] DEBUG org.springframework.core.env.StandardEnvironment - Initialized StandardEnvironment with PropertySources [MapPropertySource@935958137 {name='systemProperties', properties={sun.desktop=windows, awt.toolkit=sun.awt.windows.WToolkit, java.specification.version=12, sun.cpu.isalist=amd64, sun.jnu.encoding=Cp1252, org.gradle.test.worker=3, java.class.path=C:\\Users\\Gayathri\\.gradle\\caches\\5.0\\workerMain\\gradle-worker.jar;F:\\NotificationEngine\\build\\classes\\java\\test;F:\\NotificationEngine\\build\\resources\\test;F:\\NotificationEngine\\build\\classes\\java\\main;F:\\NotificationEngine\\build\\resources\\main;C:\\Users\\Gayathri\\.gradle\\caches\\modules-2\\files-2.1\\org.springframework.boot\\spring-boot-starter-mail\\2.0.5.RELEASE\\9f7dc8f8670c2f356a334a80450b7b43367d757d\\spring-boot-starter-mail-2.0.5.RELEASE.jar;C:\\Users\\Gayathri\\.gradle\\caches\\modules-2\\files-2.1\\org.springframework.boot\\spring-boot-starter-actuator\\2.0.5.RELEASE\\d5153c71f55aa39593fb6295790aad7cd81ef296\\spring-boot-starter-actuator-2.0.5.RELEASE.jar;C:\\Users\\Gayathri\\.gradle\\caches\\modules-2\\files-2.1\\org.springframework.boot\\spring-boot-starter-thymeleaf\\2.0.5.RELEASE\\711c936b0e73d40cde44b68deeed7e5a879b7974\\spring-boot-starter-thymeleaf-2.0.5.RELEASE.jar;C:\\Users\\Gayathri\\.gradle\\caches\\modules-2\\files-2.1\\org.springframework.boot\\spring-boot-starter-web\\2.0.5.RELEASE\\52daa1f1509bd637a737206e54c06a17aabb9504\\spring-boot-starter-web-2.0.5.RELEASE.jar;C:\\Users\\Gayathri\\.gradle\\caches\\modules-2\\files-2.1\\org.springframework.boot\\spring-boot-starter-test\\2.0.5.RELEASE\\ab04ca2e76f6a8e786001352a81a10e4b0e7fbc8\\spring-boot-starter-test-2.0.5.RELEASE.jar;C:\\Users\\Gayathri\\.gradle\\caches\\modules-2\\files-2.1\\junit\\junit\\4.12\\2973d150c0dc1fefe998f834810d68f278ea58ec\\junit-4.12.jar;C:\\Users\\Gayathri\\.gradle\\caches\\modules-2\\files-2.1\\org.springframework.boot\\spring-boot-starter-json\\2.0.5.RELEASE\\d0052ded4733ceb1fb7d927238f22f9a92099227\\spring-boot-starter-json-2.0.5.RELEASE.jar;C:\\Users\\Gayathri\\.gradle\\caches\\modules-2\\files-2.1\\org.springframework.boot\\spring-boot-starter\\2.0.5.RELEASE\\1f53487a373be18d064a5815e9bac9882ef15cdc\\spring-boot-starter-2.0.5.RELEASE.jar;C:\\Users\\Gayathri\\.gradle\\caches\\modules-2\\files-2.1\\org.springframework\\spring-context-support\\5.0.9.RELEASE\\70513a5860ced0660834bc590b435fc7b73902ea\\spring-context-support-5.0.9.RELEASE.jar;C:\\Users\\Gayathri\\.gradle\\caches\\modules-2\\files-2.1\\org.springframework.boot\\spring-boot-actuator-autoconfigure\\2.0.5.RELEASE\\b29cda343b80e9294646070a5e0d353c3f9f01d1\\spring-boot-actuator-autoconfigure-2.0.5.RELEASE.jar;C:\\Users\\Gayathri\\.gradle\\caches\\modules-2\\files-2.1\\org.springframework\\spring-webmvc\\5.0.9.RELEASE\\c18346caaeb8dc648c4cc01874996fd9fef76664\\spring-webmvc-5.0.9.RELEASE.jar;C:\\Users\\Gayathri\\.gradle\\caches\\modules-2\\files-2.1\\org.springframework.boot\\spring-boot-test-autoconfigure\\2.0.5.RELEASE\\54d5e8f9e88c6236fe164474f0aed5a8a1052c43\\spring-boot-test-autoconfigure-2.0.5.RELEASE.jar;C:\\Users\\Gayathri\\.gradle\\caches\\modules-2\\files-2.1\\org.springframework.boot\\spring-boot-test\\2.0.5.RELEASE\\ce6353f33217982357a6bdba6576015ea333304c\\spring-boot-test-2.0.5.RELEASE.jar;C:\\Users\\Gayathri\\.gradle\\caches\\modules-2\\files-2.1\\org.springframework.boot\\spring-boot-autoconfigure\\2.0.5.RELEASE\\e5588642799e0c0c04638e255c3d3f31ba400ff4\\spring-boot-autoconfigure-2.0.5.RELEASE.jar;C:\\Users\\Gayathri\\.gradle\\caches\\modules-2\\files-2.1\\org.springframework.boot\\spring-boot-actuator\\2.0.5.RELEASE\\7daa40cc91678aee37009b595c4cee4b05de3d68\\spring-boot-actuator-2.0.5.RELEASE.jar;C:\\Users\\Gayathri\\.gradle\\caches\\modules-2\\files-2.1\\org.springframework.boot\\spring-boot\\2.0.5.RELEASE\\19a4624cbd89a318d10c79f289c6c816043850fb\\spring-boot-2.0.5.RELEASE.jar;C:\\Users\\Gayathri\\.gradle\\caches\\modules-2\\files-2.1\\org.springframework\\spring-context\\5.0.9.RELEASE\\2501e55acb6c2e84667cda3f845d1d00a0dc4e05\\spring-context-5.0.9.RELEASE.jar;C:\\Users\\Gayathri\\.gradle\\caches\\modules-2\\files-2.1\\com.sun.mail\\javax.mail\\1.6.2\\935151eb71beff17a2ffac15dd80184a99a0514f\\javax.mail-1.6.2.jar;C:\\Users\\Gayathri\\.gradle\\caches\\modules-2\\files-2.1\\io.micrometer\\micrometer-core\\1.0.6\\50299bc8a34c251d62311bbb1a297f3942a82e42\\micrometer-core-1.0.6.jar;C:\\Users\\Gayathri\\.gradle\\caches\\modules-2\\files-2.1\\org.thymeleaf\\thymeleaf-spring5\\3.0.9.RELEASE\\abf84efd83808a70d982d2790f7f3a7bd3a39cf4\\thymeleaf-spring5-3.0.9.RELEASE.jar;C:\\Users\\Gayathri\\.gradle\\caches\\modules-2\\files-2.1\\org.thymeleaf.extras\\thymeleaf-extras-java8time\\3.0.1.RELEASE\\d23760d1e53cd70c489ef40dc94ee6bd2371cceb\\thymeleaf-extras-java8time-3.0.1.RELEASE.jar;C:\\Users\\Gayathri\\.gradle\\caches\\modules-2\\files-2.1\\org.springframework.boot\\spring-boot-starter-tomcat\\2.0.5.RELEASE\\eaac8a5d73b45400bc88cd7f6b5c99b5f0d5e9b7\\spring-boot-starter-tomcat-2.0.5.RELEASE.jar;C:\\Users\\Gayathri\\.gradle\\caches\\modules-2\\files-2.1\\org.hibernate.validator\\hibernate-validator\\6.0.12.Final\\478003e61b056c1f97840ba3e62ff31cdc89597\\hibernate-validator-6.0.12.Final.jar;C:\\Users\\Gayathri\\.gradle\\caches\\modules-2\\files-2.1\\org.springframework\\spring-web\\5.0.9.RELEASE\\1ea3aab93340849313fa74ec626ddaf1fff9ed8e\\spring-web-5.0.9.RELEASE.jar;C:\\Users\\Gayathri\\.gradle\\caches\\modules-2\\files-2.1\\org.hamcrest\\hamcrest-library\\1.3\\4785a3c21320980282f9f33d0d1264a69040538f\\hamcrest-library-1.3.jar;C:\\Users\\Gayathri\\.gradle\\caches\\modules-2\\files-2.1\\org.hamcrest\\hamcrest-core\\1.3\\42a25dc3219429f0e5d060061f71acb49bf010a0\\hamcrest-core-1.3.jar;C:\\Users\\Gayathri\\.gradle\\caches\\modules-2\\files-2.1\\com.jayway.jsonpath\\json-path\\2.4.0\\765a4401ceb2dc8d40553c2075eb80a8fa35c2ae\\json-path-2.4.0.jar;C:\\Users\\Gayathri\\.gradle\\caches\\modules-2\\files-2.1\\org.assertj\\assertj-core\\3.9.1\\c5ce126b15f28d56cd8f960c1a6a058b9c9aea87\\assertj-core-3.9.1.jar;C:\\Users\\Gayathri\\.gradle\\caches\\modules-2\\files-2.1\\org.mockito\\mockito-core\\2.15.0\\b84bfbbc29cd22c9529409627af6ea2897f4fa85\\mockito-core-2.15.0.jar;C:\\Users\\Gayathri\\.gradle\\caches\\modules-2\\files-2.1\\org.skyscreamer\\jsonassert\\1.5.0\\6c9d5fe2f59da598d9aefc1cfc6528ff3cf32df3\\jsonassert-1.5.0.jar;C:\\Users\\Gayathri\\.gradle\\caches\\modules-2\\files-2.1\\org.springframework\\spring-test\\5.0.9.RELEASE\\218c8648f898453be92d550252e0ce2a84b54375\\spring-test-5.0.9.RELEASE.jar;C:\\Users\\Gayathri\\.gradle\\caches\\modules-2\\files-2.1\\org.springframework\\spring-expression\\5.0.9.RELEASE\\1f9db5ff3a758102c0434cc3457aa47c50c39a4a\\spring-expression-5.0.9.RELEASE.jar;C:\\Users\\Gayathri\\.gradle\\caches\\modules-2\\files-2.1\\org.springframework\\spring-aop\\5.0.9.RELEASE\\98003b099697fe46b6bdf18c7e3f66d7a1381060\\spring-aop-5.0.9.RELEASE.jar;C:\\Users\\Gayathri\\.gradle\\caches\\modules-2\\files-2.1\\org.springframework\\spring-beans\\5.0.9.RELEASE\\65f56fdab1bb90ad059e314d2f2f4cf76f9bdbde\\spring-beans-5.0.9.RELEASE.jar;C:\\Users\\Gayathri\\.gradle\\caches\\modules-2\\files-2.1\\org.springframework\\spring-core\\5.0.9.RELEASE\\9f9a828936d81afd49a603bda9cc1aed863a0d85\\spring-core-5.0.9.RELEASE.jar;C:\\Users\\Gayathri\\.gradle\\caches\\modules-2\\files-2.1\\org.xmlunit\\xmlunit-core\\2.5.1\\4ffdb346572a7356f7521cd3119ce5287d2e339d\\xmlunit-core-2.5.1.jar;C:\\Users\\Gayathri\\.gradle\\caches\\modules-2\\files-2.1\\org.springframework.boot\\spring-boot-starter-logging\\2.0.5.RELEASE\\c353e0b9591d0765c687ff0a678478cbebfd5c23\\spring-boot-starter-logging-2.0.5.RELEASE.jar;C:\\Users\\Gayathri\\.gradle\\caches\\modules-2\\files-2.1\\javax.annotation\\javax.annotation-api\\1.3.2\\934c04d3cfef185a8008e7bf34331b79730a9d43\\javax.annotation-api-1.3.2.jar;C:\\Users\\Gayathri\\.gradle\\caches\\modules-2\\files-2.1\\org.yaml\\snakeyaml\\1.19\\2d998d3d674b172a588e54ab619854d073f555b5\\snakeyaml-1.19.jar;C:\\Users\\Gayathri\\.gradle\\caches\\modules-2\\files-2.1\\javax.activation\\activation\\1.1\\e6cb541461c2834bdea3eb920f1884d1eb508b50\\activation-1.1.jar;C:\\Users\\Gayathri\\.gradle\\caches\\modules-2\\files-2.1\\com.fasterxml.jackson.datatype\\jackson-datatype-jsr310\\2.9.6\\ea54f6193d224e5e5732bbd4262327eb465397c2\\jackson-datatype-jsr310-2.9.6.jar;C:\\Users\\Gayathri\\.gradle\\caches\\modules-2\\files-2.1\\com.fasterxml.jackson.datatype\\jackson-datatype-jdk8\\2.9.6\\456895fc91bf7180b216fead220373e6278230c9\\jackson-datatype-jdk8-2.9.6.jar;C:\\Users\\Gayathri\\.gradle\\caches\\modules-2\\files-2.1\\com.fasterxml.jackson.module\\jackson-module-parameter-names\\2.9.6\\129acd77a4b6ee30d62d3a0899b1344c8ec2bff8\\jackson-module-parameter-names-2.9.6.jar;C:\\Users\\Gayathri\\.gradle\\caches\\modules-2\\files-2.1\\com.fasterxml.jackson.core\\jackson-databind\\2.9.6\\cfa4f316351a91bfd95cb0644c6a2c95f52db1fc\\jackson-databind-2.9.6.jar;C:\\Users\\Gayathri\\.gradle\\caches\\modules-2\\files-2.1\\org.hdrhistogram\\HdrHistogram\\2.1.10\\9e1ac84eed220281841b75e72fb9de5a297fbf04\\HdrHistogram-2.1.10.jar;C:\\Users\\Gayathri\\.gradle\\caches\\modules-2\\files-2.1\\org.latencyutils\\LatencyUtils\\2.0.3\\769c0b82cb2421c8256300e907298a9410a2a3d3\\LatencyUtils-2.0.3.jar;C:\\Users\\Gayathri\\.gradle\\caches\\modules-2\\files-2.1\\org.thymeleaf\\thymeleaf\\3.0.9.RELEASE\\64185cca50ac808ad034841c84b4013f955465d2\\thymeleaf-3.0.9.RELEASE.jar;C:\\Users\\Gayathri\\.gradle\\caches\\modules-2\\files-2.1\\ch.qos.logback\\logback-classic\\1.2.3\\7c4f3c474fb2c041d8028740440937705ebb473a\\logback-classic-1.2.3.jar;C:\\Users\\Gayathri\\.gradle\\caches\\modules-2\\files-2.1\\org.apache.logging.log4j\\log4j-to-slf4j\\2.10.0\\f7e631ccf49cfc0aefa4a2a728da7d374c05bd3c\\log4j-to-slf4j-2.10.0.jar;C:\\Users\\Gayathri\\.gradle\\caches\\modules-2\\files-2.1\\org.slf4j\\jul-to-slf4j\\1.7.25\\af5364cd6679bfffb114f0dec8a157aaa283b76\\jul-to-slf4j-1.7.25.jar;C:\\Users\\Gayathri\\.gradle\\caches\\modules-2\\files-2.1\\org.slf4j\\slf4j-api\\1.7.25\\da76ca59f6a57ee3102f8f9bd9cee742973efa8a\\slf4j-api-1.7.25.jar;C:\\Users\\Gayathri\\.gradle\\caches\\modules-2\\files-2.1\\org.apache.tomcat.embed\\tomcat-embed-websocket\\8.5.34\\5f86906367c2540b21e6aeecc277d2ce9ec939b0\\tomcat-embed-websocket-8.5.34.jar;C:\\Users\\Gayathri\\.gradle\\caches\\modules-2\\files-2.1\\org.apache.tomcat.embed\\tomcat-embed-core\\8.5.34\\a038040d68a90397f95dd1e11b979fe364a5000f\\tomcat-embed-core-8.5.34.jar;C:\\Users\\Gayathri\\.gradle\\caches\\modules-2\\files-2.1\\org.apache.tomcat.embed\\tomcat-embed-el\\8.5.34\\be71a9a5bdd001db7cf97c47429eec0bdd3b7b88\\tomcat-embed-el-8.5.34.jar;C:\\Users\\Gayathri\\.gradle\\caches\\modules-2\\files-2.1\\javax.validation\\validation-api\\2.0.1.Final\\cb855558e6271b1b32e716d24cb85c7f583ce09e\\validation-api-2.0.1.Final.jar;C:\\Users\\Gayathri\\.gradle\\caches\\modules-2\\files-2.1\\org.jboss.logging\\jboss-logging\\3.3.2.Final\\3789d00e859632e6c6206adc0c71625559e6e3b0\\jboss-logging-3.3.2.Final.jar;C:\\Users\\Gayathri\\.gradle\\caches\\modules-2\\files-2.1\\com.fasterxml\\classmate\\1.3.4\\3d5f48f10bbe4eb7bd862f10c0583be2e0053c6\\classmate-1.3.4.jar;C:\\Users\\Gayathri\\.gradle\\caches\\modules-2\\files-2.1\\net.minidev\\json-smart\\2.3\\7396407491352ce4fa30de92efb158adb76b5b\\json-smart-2.3.jar;C:\\Users\\Gayathri\\.gradle\\caches\\modules-2\\files-2.1\\net.bytebuddy\\byte-buddy\\1.7.11\\f02857a4e2c66ccbe7aaad6100a0a6c461bce9b3\\byte-buddy-1.7.11.jar;C:\\Users\\Gayathri\\.gradle\\caches\\modules-2\\files-2.1\\net.bytebuddy\\byte-buddy-agent\\1.7.11\\b425a8933ca07edd03c6dbc8bc3b595fba9780de\\byte-buddy-agent-1.7.11.jar;C:\\Users\\Gayathri\\.gradle\\caches\\modules-2\\files-2.1\\org.objenesis\\objenesis\\2.6\\639033469776fd37c08358c6b92a4761feb2af4b\\objenesis-2.6.jar;C:\\Users\\Gayathri\\.gradle\\caches\\modules-2\\files-2.1\\com.vaadin.external.google\\android-json\\0.0.20131108.vaadin1\\fa26d351fe62a6a17f5cda1287c1c6110dec413f\\android-json-0.0.20131108.vaadin1.jar;C:\\Users\\Gayathri\\.gradle\\caches\\modules-2\\files-2.1\\org.springframework\\spring-jcl\\5.0.9.RELEASE\\bc3b5aaae53f0bc03647e53ecbd98a05b47a4e90\\spring-jcl-5.0.9.RELEASE.jar;C:\\Users\\Gayathri\\.gradle\\caches\\modules-2\\files-2.1\\com.fasterxml.jackson.core\\jackson-annotations\\2.9.0\\7c10d545325e3a6e72e06381afe469fd40eb701\\jackson-annotations-2.9.0.jar;C:\\Users\\Gayathri\\.gradle\\caches\\modules-2\\files-2.1\\com.fasterxml.jackson.core\\jackson-core\\2.9.6\\4e393793c37c77e042ccc7be5a914ae39251b365\\jackson-core-2.9.6.jar;C:\\Users\\Gayathri\\.gradle\\caches\\modules-2\\files-2.1\\org.attoparser\\attoparser\\2.0.4.RELEASE\\5cf02c4d8303a81f0c80971bb1dcd40d3ba96009\\attoparser-2.0.4.RELEASE.jar;C:\\Users\\Gayathri\\.gradle\\caches\\modules-2\\files-2.1\\org.unbescape\\unbescape\\1.1.5.RELEASE\\46dc644ea9c234317d926ebac5bf5d8f114dc1ba\\unbescape-1.1.5.RELEASE.jar;C:\\Users\\Gayathri\\.gradle\\caches\\modules-2\\files-2.1\\net.minidev\\accessors-smart\\1.2\\c592b500269bfde36096641b01238a8350f8aa31\\accessors-smart-1.2.jar;C:\\Users\\Gayathri\\.gradle\\caches\\modules-2\\files-2.1\\ch.qos.logback\\logback-core\\1.2.3\\864344400c3d4d92dfeb0a305dc87d953677c03c\\logback-core-1.2.3.jar;C:\\Users\\Gayathri\\.gradle\\caches\\modules-2\\files-2.1\\org.apache.logging.log4j\\log4j-api\\2.10.0\\fec5797a55b786184a537abd39c3fa1449d752d6\\log4j-api-2.10.0.jar;C:\\Users\\Gayathri\\.gradle\\caches\\modules-2\\files-2.1\\org.ow2.asm\\asm\\5.0.4\\da08b8cce7bbf903602a25a3a163ae252435795\\asm-5.0.4.jar, java.vm.vendor=Oracle Corporation, sun.arch.data.model=64, user.variant=, java.vendor.url=https://java.oracle.com/, user.timezone=Asia/Calcutta, java.vm.specification.version=12, os.name=Windows 10, user.country=US, sun.java.launcher=SUN_STANDARD, sun.boot.library.path=C:\Program Files\Java\jdk-12.0.1\bin, sun.java.command=worker.org.gradle.process.internal.worker.GradleWorkerMain 'Gradle Test Executor 3', jdk.debug=release, sun.cpu.endian=little, user.home=C:\Users\Gayathri, user.language=en, java.specification.vendor=Oracle Corporation, org.gradle.native=false, java.version.date=2019-04-16, java.home=C:\Program Files\Java\jdk-12.0.1, file.separator=\, java.vm.compressedOopsMode=32-bit, line.separator=
, java.vm.specification.vendor=Oracle Corporation, java.specification.name=Java Platform API Specification, java.awt.graphicsenv=sun.awt.Win32GraphicsEnvironment, user.script=, sun.management.compiler=HotSpot 64-Bit Tiered Compilers, java.runtime.version=12.0.1+12, user.name=Gayathri, path.separator=;, os.version=10.0, java.runtime.name=Java(TM) SE Runtime Environment, file.encoding=windows-1252, java.vm.name=Java HotSpot(TM) 64-Bit Server VM, java.vendor.url.bug=https://bugreport.java.com/bugreport/, java.io.tmpdir=C:\Users\Gayathri\AppData\Local\Temp\, java.version=12.0.1, user.dir=F:\NotificationEngine, os.arch=amd64, java.vm.specification.name=Java Virtual Machine Specification, sun.os.patch.level=, java.library.path=C:\Program Files\Java\jdk-12.0.1\bin;C:\WINDOWS\Sun\Java\bin;C:\WINDOWS\system32;C:\WINDOWS;C:\Program Files\Dell\DW WLAN Card;c:\Program Files (x86)\Intel\iCLS Client\;c:\Program Files\Intel\iCLS Client\;C:\WINDOWS\system32;C:\WINDOWS;C:\WINDOWS\System32\Wbem;C:\WINDOWS\System32\WindowsPowerShell\v1.0\;C:\Program Files\Intel\Intel(R) Management Engine Components\DAL;C:\Program Files\Intel\Intel(R) Management Engine Components\IPT;C:\Program Files (x86)\Intel\Intel(R) Management Engine Components\DAL;C:\Program Files (x86)\Intel\Intel(R) Management Engine Components\IPT;c:\Program Files\WIDCOMM\Bluetooth Software\;c:\Program Files\WIDCOMM\Bluetooth Software\syswow64;C:\Program Files (x86)\Windows Live\Shared;C:\Program Files (x86)\QuickTime\QTSystem\;C:\Program Files\Java\jdk1.8.0_152\bin;C:\WINDOWS\System32\OpenSSH\;C:\Program Files (x86)\Common Files\Apple\Internet Services\;C:\Program Files\Java\jdk-12.0.1;F:\gradle-5.0\bin;C:\Program Files\Git\cmd;C:\Program Files\TortoiseGit\bin;C:\Users\Gayathri\AppData\Local\Microsoft\WindowsApps;;F:\Software\bin;;., java.vm.info=mixed mode, sharing, java.vendor=Oracle Corporation, java.vm.version=12.0.1+12, sun.io.unicode.encoding=UnicodeLittle, java.class.version=56.0}}, SystemEnvironmentPropertySource@683862765 {name='systemEnvironment', properties={GOOGLE_DEFAULT_CLIENT_ID=no, USERDOMAIN_ROAMINGPROFILE=Veera, PROCESSOR_LEVEL=6, FP_NO_HOST_CHECK=NO, SynaProgDir=Synaptics\SynTP, SESSIONNAME=Console, ALLUSERSPROFILE=C:\ProgramData, PROCESSOR_ARCHITECTURE=AMD64, GOOGLE_DEFAULT_CLIENT_SECRET=no, PSModulePath=C:\WINDOWS\system32\WindowsPowerShell\v1.0\Modules\, SystemDrive=C:, DIRNAME=F:\gradle-5.0\bin\, USERNAME=Gayathri, CMD_LINE_ARGS=clean build, ProgramFiles(x86)=C:\Program Files (x86), APP_HOME=F:\gradle-5.0\bin\.., DEFAULT_JVM_OPTS="-Xmx64m", PATHEXT=.COM;.EXE;.BAT;.CMD;.VBS;.VBE;.JS;.JSE;.WSF;.WSH;.MSC, DriverData=C:\Windows\System32\Drivers\DriverData, ProgramData=C:\ProgramData, =F:=F:\NotificationEngine, ProgramW6432=C:\Program Files, HOMEPATH=\Users\Gayathri, PROCESSOR_IDENTIFIER=Intel64 Family 6 Model 58 Stepping 9, GenuineIntel, ProgramFiles=C:\Program Files, PUBLIC=C:\Users\Public, windir=C:\WINDOWS, =::=::\, _SKIP=2, LOCALAPPDATA=C:\Users\Gayathri\AppData\Local, IntelliJ IDEA=F:\Software\bin;, USERDOMAIN=Veera, LOGONSERVER=\\VEERA, JAVA_HOME=C:\Program Files\Java\jdk-12.0.1, PROMPT=$P$G, GRADLE_HOME=F:\gradle-5.0, asl.log=Destination=file, OneDrive=C:\Users\Gayathri\OneDrive, =C:=C:\Users\Gayathri, APPDATA=C:\Users\Gayathri\AppData\Roaming, JAVA_EXE=C:\Program Files\Java\jdk-12.0.1/bin/java.exe, GOOGLE_API_KEY=no, CommonProgramFiles=C:\Program Files\Common Files, Path=C:\Program Files\Dell\DW WLAN Card;c:\Program Files (x86)\Intel\iCLS Client\;c:\Program Files\Intel\iCLS Client\;C:\WINDOWS\system32;C:\WINDOWS;C:\WINDOWS\System32\Wbem;C:\WINDOWS\System32\WindowsPowerShell\v1.0\;C:\Program Files\Intel\Intel(R) Management Engine Components\DAL;C:\Program Files\Intel\Intel(R) Management Engine Components\IPT;C:\Program Files (x86)\Intel\Intel(R) Management Engine Components\DAL;C:\Program Files (x86)\Intel\Intel(R) Management Engine Components\IPT;c:\Program Files\WIDCOMM\Bluetooth Software\;c:\Program Files\WIDCOMM\Bluetooth Software\syswow64;C:\Program Files (x86)\Windows Live\Shared;C:\Program Files (x86)\QuickTime\QTSystem\;C:\Program Files\Java\jdk1.8.0_152\bin;C:\WINDOWS\System32\OpenSSH\;C:\Program Files (x86)\Common Files\Apple\Internet Services\;C:\Program Files\Java\jdk-12.0.1;F:\gradle-5.0\bin;C:\Program Files\Git\cmd;C:\Program Files\TortoiseGit\bin;C:\Users\Gayathri\AppData\Local\Microsoft\WindowsApps;;F:\Software\bin;, OS=Windows_NT, COMPUTERNAME=VEERA, PROCESSOR_REVISION=3a09, CLASSPATH=F:\gradle-5.0\bin\..\lib\gradle-launcher-5.0.jar, CommonProgramW6432=C:\Program Files\Common Files, ComSpec=C:\WINDOWS\system32\cmd.exe, APP_BASE_NAME=gradle, SystemRoot=C:\WINDOWS, TEMP=C:\Users\Gayathri\AppData\Local\Temp, HOMEDRIVE=C:, USERPROFILE=C:\Users\Gayathri, TMP=C:\Users\Gayathri\AppData\Local\Temp, CommonProgramFiles(x86)=C:\Program Files (x86)\Common Files, NUMBER_OF_PROCESSORS=4}}]
01:00:09.645 [Test worker] DEBUG org.springframework.test.context.support.TestPropertySourceUtils - Adding inlined properties to environment: {spring.jmx.enabled=false, org.springframework.boot.test.context.SpringBootTestContextBootstrapper=true, server.port=-1}
01:00:09.646 [Test worker] DEBUG org.springframework.core.env.StandardEnvironment - Adding PropertySource 'Inlined Test Properties' with highest search precedence

  .   ____          _            __ _ _
 /\\ / ___'_ __ _ _(_)_ __  __ _ \ \ \ \
( ( )\___ | '_ | '_| | '_ \/ _` | \ \ \ \
 \\/  ___)| |_)| | | | | || (_| |  ) ) ) )
  '  |____| .__|_| |_|_| |_\__, | / / / /
 =========|_|==============|___/=/_/_/_/
 :: Spring Boot ::        (v2.0.5.RELEASE)

2019-06-30 01:00:10.587  INFO 24220 --- [    Test worker] c.n.test.controller.NotificationTest     : Starting NotificationTest on Veera with PID 24220 (started by Gayathri in F:\NotificationEngine)
2019-06-30 01:00:10.591  INFO 24220 --- [    Test worker] c.n.test.controller.NotificationTest     : No active profile set, falling back to default profiles: default
2019-06-30 01:00:10.733  INFO 24220 --- [    Test worker] o.s.w.c.s.GenericWebApplicationContext   : Refreshing org.springframework.web.context.support.GenericWebApplicationContext@185b554b: startup date [Sun Jun 30 01:00:10 IST 2019]; root of context hierarchy
2019-06-30 01:00:15.695  INFO 24220 --- [    Test worker] o.s.w.s.handler.SimpleUrlHandlerMapping  : Mapped URL path [/**/favicon.ico] onto handler of type [class org.springframework.web.servlet.resource.ResourceHttpRequestHandler]
2019-06-30 01:00:16.232  INFO 24220 --- [    Test worker] s.w.s.m.m.a.RequestMappingHandlerAdapter : Looking for @ControllerAdvice: org.springframework.web.context.support.GenericWebApplicationContext@185b554b: startup date [Sun Jun 30 01:00:10 IST 2019]; root of context hierarchy
2019-06-30 01:00:16.504  INFO 24220 --- [    Test worker] s.w.s.m.m.a.RequestMappingHandlerMapping : Mapped "{[/notification/email],methods=[POST]}" onto public java.lang.String com.notification.controller.NotificationController.emailNotification(java.lang.String) throws java.lang.Exception
2019-06-30 01:00:16.508  INFO 24220 --- [    Test worker] s.w.s.m.m.a.RequestMappingHandlerMapping : Mapped "{[/notification/slack],methods=[POST]}" onto public java.lang.String com.notification.controller.NotificationController.slackNotification(java.lang.String) throws java.lang.Exception
2019-06-30 01:00:16.521  INFO 24220 --- [    Test worker] s.w.s.m.m.a.RequestMappingHandlerMapping : Mapped "{[/error]}" onto public org.springframework.http.ResponseEntity<java.util.Map<java.lang.String, java.lang.Object>> org.springframework.boot.autoconfigure.web.servlet.error.BasicErrorController.error(javax.servlet.http.HttpServletRequest)
2019-06-30 01:00:16.523  INFO 24220 --- [    Test worker] s.w.s.m.m.a.RequestMappingHandlerMapping : Mapped "{[/error],produces=[text/html]}" onto public org.springframework.web.servlet.ModelAndView org.springframework.boot.autoconfigure.web.servlet.error.BasicErrorController.errorHtml(javax.servlet.http.HttpServletRequest,javax.servlet.http.HttpServletResponse)
2019-06-30 01:00:16.595  INFO 24220 --- [    Test worker] o.s.w.s.h.BeanNameUrlHandlerMapping      : Root mapping to handler '/'
2019-06-30 01:00:16.618  INFO 24220 --- [    Test worker] o.s.w.s.handler.SimpleUrlHandlerMapping  : Mapped URL path [/webjars/**] onto handler of type [class org.springframework.web.servlet.resource.ResourceHttpRequestHandler]
2019-06-30 01:00:16.618  INFO 24220 --- [    Test worker] o.s.w.s.handler.SimpleUrlHandlerMapping  : Mapped URL path [/**] onto handler of type [class org.springframework.web.servlet.resource.ResourceHttpRequestHandler]
2019-06-30 01:00:16.772  WARN 24220 --- [    Test worker] ion$DefaultTemplateResolverConfiguration : Cannot find template location: classpath:/templates/ (please add some templates or check your Thymeleaf configuration)
2019-06-30 01:00:18.582  INFO 24220 --- [    Test worker] o.s.b.a.e.web.EndpointLinksResolver      : Exposing 2 endpoint(s) beneath base path '/actuator'
2019-06-30 01:00:18.624  INFO 24220 --- [    Test worker] s.b.a.e.w.s.WebMvcEndpointHandlerMapping : Mapped "{[/actuator/health],methods=[GET],produces=[application/vnd.spring-boot.actuator.v2+json || application/json]}" onto public java.lang.Object org.springframework.boot.actuate.endpoint.web.servlet.AbstractWebMvcEndpointHandlerMapping$OperationHandler.handle(javax.servlet.http.HttpServletRequest,java.util.Map<java.lang.String, java.lang.String>)
2019-06-30 01:00:18.630  INFO 24220 --- [    Test worker] s.b.a.e.w.s.WebMvcEndpointHandlerMapping : Mapped "{[/actuator/info],methods=[GET],produces=[application/vnd.spring-boot.actuator.v2+json || application/json]}" onto public java.lang.Object org.springframework.boot.actuate.endpoint.web.servlet.AbstractWebMvcEndpointHandlerMapping$OperationHandler.handle(javax.servlet.http.HttpServletRequest,java.util.Map<java.lang.String, java.lang.String>)
2019-06-30 01:00:18.636  INFO 24220 --- [    Test worker] s.b.a.e.w.s.WebMvcEndpointHandlerMapping : Mapped "{[/actuator],methods=[GET],produces=[application/vnd.spring-boot.actuator.v2+json || application/json]}" onto protected java.util.Map<java.lang.String, java.util.Map<java.lang.String, org.springframework.boot.actuate.endpoint.web.Link>> org.springframework.boot.actuate.endpoint.web.servlet.WebMvcEndpointHandlerMapping.links(javax.servlet.http.HttpServletRequest,javax.servlet.http.HttpServletResponse)
2019-06-30 01:00:18.936  INFO 24220 --- [    Test worker] c.n.test.controller.NotificationTest     : Started NotificationTest in 9.255 seconds (JVM running for 13.218)
2019-06-30 01:00:19.221  INFO 24220 --- [    Test worker] o.s.b.t.m.w.SpringBootMockServletContext : Initializing Spring FrameworkServlet ''
2019-06-30 01:00:19.222  INFO 24220 --- [    Test worker] o.s.t.web.servlet.TestDispatcherServlet  : FrameworkServlet '': initialization started
2019-06-30 01:00:19.254  INFO 24220 --- [    Test worker] o.s.t.web.servlet.TestDispatcherServlet  : FrameworkServlet '': initialization completed in 32 ms
Slack sent from master@sample.com to student@sample.com
2019-06-30 01:00:19.542  INFO 24220 --- [    Test worker] o.s.b.t.m.w.SpringBootMockServletContext : Initializing Spring FrameworkServlet ''
2019-06-30 01:00:19.542  INFO 24220 --- [    Test worker] o.s.t.web.servlet.TestDispatcherServlet  : FrameworkServlet '': initialization started
2019-06-30 01:00:19.554  INFO 24220 --- [    Test worker] o.s.t.web.servlet.TestDispatcherServlet  : FrameworkServlet '': initialization completed in 12 ms
Email sent from master@sample.com to student@sample.com
]]></system-out>
  <system-err><![CDATA[]]></system-err>
</testsuite>
